2025-09-26 20:38:23,847 ERROR 0x5e9c58aaed30f2ece3d2baf7814be9dc4425a6d9 OrphanJumpTargetUnknownErrors at 5b1,symbolic execution found an unknown value
2025-09-26 20:38:23,889 ERROR 0x1c9207daaa1da36ba34b7e1bc83810dd7390d7c9 OrphanJumpTargetNullErrors at 2f,2 is None
2025-09-26 20:38:23,975 ERROR 0x52eE48926c82f5BbFB7051eCA499cfE2ef117ce6 OrphanJumpTargetUnknownErrors at 123,symbolic execution found an unknown value
2025-09-26 20:38:23,981 ERROR 0x52eE48926c82f5BbFB7051eCA499cfE2ef117ce6 OrphanJumpTargetUnknownErrors at 45c,symbolic execution found an unknown value
2025-09-26 20:38:23,981 ERROR 0x52eE48926c82f5BbFB7051eCA499cfE2ef117ce6 OrphanJumpTargetUnknownErrors at 449,symbolic execution found an unknown value
2025-09-26 20:38:23,982 ERROR 0x52eE48926c82f5BbFB7051eCA499cfE2ef117ce6 OrphanJumpTargetUnknownErrors at 598,symbolic execution found an unknown value
2025-09-26 20:38:23,982 ERROR 0x52eE48926c82f5BbFB7051eCA499cfE2ef117ce6 OrphanJumpTargetUnknownErrors at 551,symbolic execution found an unknown value
2025-09-26 20:38:23,982 ERROR 0x52eE48926c82f5BbFB7051eCA499cfE2ef117ce6 OrphanJumpTargetUnknownErrors at 538,symbolic execution found an unknown value
2025-09-26 20:38:23,983 ERROR 0x52eE48926c82f5BbFB7051eCA499cfE2ef117ce6 OrphanJumpTargetUnknownErrors at 622,symbolic execution found an unknown value
2025-09-26 20:38:23,986 ERROR 0x52eE48926c82f5BbFB7051eCA499cfE2ef117ce6 OrphanJumpTargetUnknownErrors at 5d4,symbolic execution found an unknown value
2025-09-26 20:38:23,986 ERROR 0x52eE48926c82f5BbFB7051eCA499cfE2ef117ce6 OrphanJumpTargetUnknownErrors at 5bb,symbolic execution found an unknown value
2025-09-26 20:38:23,991 ERROR 0x52eE48926c82f5BbFB7051eCA499cfE2ef117ce6 OrphanJumpTargetUnknownErrors at 7bc,symbolic execution found an unknown value
2025-09-26 20:38:23,991 ERROR 0x52eE48926c82f5BbFB7051eCA499cfE2ef117ce6 OrphanJumpTargetUnknownErrors at 778,symbolic execution found an unknown value
2025-09-26 20:38:23,991 ERROR 0x52eE48926c82f5BbFB7051eCA499cfE2ef117ce6 OrphanJumpTargetUnknownErrors at 751,symbolic execution found an unknown value
2025-09-26 20:38:23,994 ERROR 0x52eE48926c82f5BbFB7051eCA499cfE2ef117ce6 OrphanJumpTargetUnknownErrors at 801,symbolic execution found an unknown value
2025-09-26 20:38:23,994 ERROR 0x52eE48926c82f5BbFB7051eCA499cfE2ef117ce6 OrphanJumpTargetUnknownErrors at 7e8,symbolic execution found an unknown value
2025-09-26 20:38:24,006 ERROR 0x52eE48926c82f5BbFB7051eCA499cfE2ef117ce6 OrphanJumpTargetUnknownErrors at 95a,symbolic execution found an unknown value
2025-09-26 20:38:24,007 ERROR 0x52eE48926c82f5BbFB7051eCA499cfE2ef117ce6 OrphanJumpTargetUnknownErrors at 942,symbolic execution found an unknown value
2025-09-26 20:38:24,008 ERROR 0x52eE48926c82f5BbFB7051eCA499cfE2ef117ce6 OrphanJumpTargetUnknownErrors at 925,symbolic execution found an unknown value
2025-09-26 20:38:24,008 ERROR 0x52eE48926c82f5BbFB7051eCA499cfE2ef117ce6 OrphanJumpTargetUnknownErrors at 900,symbolic execution found an unknown value
2025-09-26 20:38:24,014 ERROR 0x52eE48926c82f5BbFB7051eCA499cfE2ef117ce6 OrphanJumpTargetUnknownErrors at a5f,symbolic execution found an unknown value
2025-09-26 20:38:24,014 ERROR 0x52eE48926c82f5BbFB7051eCA499cfE2ef117ce6 OrphanJumpTargetUnknownErrors at a5f,symbolic execution found an unknown value
2025-09-26 20:38:24,014 ERROR 0x52eE48926c82f5BbFB7051eCA499cfE2ef117ce6 OrphanJumpTargetUnknownErrors at 9f8,symbolic execution found an unknown value
2025-09-26 20:38:24,014 ERROR 0x52eE48926c82f5BbFB7051eCA499cfE2ef117ce6 OrphanJumpTargetUnknownErrors at 9e5,symbolic execution found an unknown value
2025-09-26 20:38:24,017 ERROR 0x52eE48926c82f5BbFB7051eCA499cfE2ef117ce6 OrphanJumpTargetUnknownErrors at bfa,symbolic execution found an unknown value
2025-09-26 20:38:24,021 ERROR 0x52eE48926c82f5BbFB7051eCA499cfE2ef117ce6 OrphanJumpTargetUnknownErrors at c5b,symbolic execution found an unknown value
2025-09-26 20:38:24,021 ERROR 0x52eE48926c82f5BbFB7051eCA499cfE2ef117ce6 OrphanJumpTargetUnknownErrors at c42,symbolic execution found an unknown value
2025-09-26 20:38:24,021 ERROR 0x52eE48926c82f5BbFB7051eCA499cfE2ef117ce6 OrphanJumpTargetUnknownErrors at 123,symbolic execution found an unknown value
2025-09-26 20:38:24,570 ERROR 0x477bb914dc811282675eadb05a1c272132429bbb OrphanJumpTargetNullErrors at 228,2 is None
2025-09-26 20:38:24,876 ERROR 0xD42433A8a0A1CEB73c8ff4e432463e2ee109039d OrphanJumpTargetUnknownErrors at 26a,symbolic execution found an unknown value
2025-09-26 20:38:24,877 ERROR 0xD42433A8a0A1CEB73c8ff4e432463e2ee109039d OrphanJumpTargetUnknownErrors at 1cf,symbolic execution found an unknown value
2025-09-26 20:38:24,877 ERROR 0xD42433A8a0A1CEB73c8ff4e432463e2ee109039d OrphanJumpTargetUnknownErrors at 1c0,symbolic execution found an unknown value
2025-09-26 20:38:24,877 ERROR 0xD42433A8a0A1CEB73c8ff4e432463e2ee109039d OrphanJumpTargetUnknownErrors at 1b1,symbolic execution found an unknown value
2025-09-26 20:38:24,878 ERROR 0xD42433A8a0A1CEB73c8ff4e432463e2ee109039d OrphanJumpTargetUnknownErrors at 1a2,symbolic execution found an unknown value
2025-09-26 20:38:24,879 ERROR 0xD42433A8a0A1CEB73c8ff4e432463e2ee109039d OrphanJumpTargetUnknownErrors at 7f1,symbolic execution found an unknown value
2025-09-26 20:38:24,879 ERROR 0xD42433A8a0A1CEB73c8ff4e432463e2ee109039d OrphanJumpTargetUnknownErrors at 7c5,symbolic execution found an unknown value
2025-09-26 20:38:24,879 ERROR 0xD42433A8a0A1CEB73c8ff4e432463e2ee109039d OrphanJumpTargetUnknownErrors at 785,symbolic execution found an unknown value
2025-09-26 20:38:24,880 ERROR 0xD42433A8a0A1CEB73c8ff4e432463e2ee109039d OrphanJumpTargetUnknownErrors at 894,symbolic execution found an unknown value
2025-09-26 20:38:24,880 ERROR 0xD42433A8a0A1CEB73c8ff4e432463e2ee109039d OrphanJumpTargetUnknownErrors at 885,symbolic execution found an unknown value
2025-09-26 20:38:24,881 ERROR 0xD42433A8a0A1CEB73c8ff4e432463e2ee109039d OrphanJumpTargetUnknownErrors at 949,symbolic execution found an unknown value
2025-09-26 20:38:24,881 ERROR 0xD42433A8a0A1CEB73c8ff4e432463e2ee109039d OrphanJumpTargetUnknownErrors at 903,symbolic execution found an unknown value
2025-09-26 20:38:24,881 ERROR 0xD42433A8a0A1CEB73c8ff4e432463e2ee109039d OrphanJumpTargetUnknownErrors at 8f2,symbolic execution found an unknown value
2025-09-26 20:38:24,881 ERROR 0xD42433A8a0A1CEB73c8ff4e432463e2ee109039d OrphanJumpTargetUnknownErrors at 8d7,symbolic execution found an unknown value
2025-09-26 20:38:24,883 ERROR 0xD42433A8a0A1CEB73c8ff4e432463e2ee109039d OrphanJumpTargetUnknownErrors at a32,symbolic execution found an unknown value
2025-09-26 20:38:24,884 ERROR 0xD42433A8a0A1CEB73c8ff4e432463e2ee109039d OrphanJumpTargetUnknownErrors at a05,symbolic execution found an unknown value
2025-09-26 20:38:24,884 ERROR 0xD42433A8a0A1CEB73c8ff4e432463e2ee109039d OrphanJumpTargetUnknownErrors at 9ea,symbolic execution found an unknown value
2025-09-26 20:38:24,884 ERROR 0xD42433A8a0A1CEB73c8ff4e432463e2ee109039d OrphanJumpTargetUnknownErrors at 9db,symbolic execution found an unknown value
2025-09-26 20:38:24,885 ERROR 0xD42433A8a0A1CEB73c8ff4e432463e2ee109039d OrphanJumpTargetUnknownErrors at b04,symbolic execution found an unknown value
2025-09-26 20:38:24,885 ERROR 0xD42433A8a0A1CEB73c8ff4e432463e2ee109039d OrphanJumpTargetUnknownErrors at af4,symbolic execution found an unknown value
2025-09-26 20:38:24,890 ERROR 0xD42433A8a0A1CEB73c8ff4e432463e2ee109039d OrphanJumpTargetUnknownErrors at e16,symbolic execution found an unknown value
2025-09-26 20:38:24,890 ERROR 0xD42433A8a0A1CEB73c8ff4e432463e2ee109039d OrphanJumpTargetUnknownErrors at de1,symbolic execution found an unknown value
2025-09-26 20:38:24,890 ERROR 0xD42433A8a0A1CEB73c8ff4e432463e2ee109039d OrphanJumpTargetUnknownErrors at ce2,symbolic execution found an unknown value
2025-09-26 20:38:24,890 ERROR 0xD42433A8a0A1CEB73c8ff4e432463e2ee109039d OrphanJumpTargetUnknownErrors at c64,symbolic execution found an unknown value
2025-09-26 20:38:24,890 ERROR 0xD42433A8a0A1CEB73c8ff4e432463e2ee109039d OrphanJumpTargetUnknownErrors at be6,symbolic execution found an unknown value
2025-09-26 20:38:24,890 ERROR 0xD42433A8a0A1CEB73c8ff4e432463e2ee109039d OrphanJumpTargetUnknownErrors at bd6,symbolic execution found an unknown value
2025-09-26 20:38:24,890 ERROR 0xD42433A8a0A1CEB73c8ff4e432463e2ee109039d OrphanJumpTargetUnknownErrors at bbb,symbolic execution found an unknown value
2025-09-26 20:38:24,891 ERROR 0xD42433A8a0A1CEB73c8ff4e432463e2ee109039d OrphanJumpTargetUnknownErrors at e56,symbolic execution found an unknown value
2025-09-26 20:38:24,896 ERROR 0xD42433A8a0A1CEB73c8ff4e432463e2ee109039d OrphanJumpTargetUnknownErrors at 26a,symbolic execution found an unknown value
2025-09-26 20:38:24,897 ERROR 0xD42433A8a0A1CEB73c8ff4e432463e2ee109039d OrphanJumpTargetUnknownErrors at 1cf,symbolic execution found an unknown value
2025-09-26 20:38:24,897 ERROR 0xD42433A8a0A1CEB73c8ff4e432463e2ee109039d OrphanJumpTargetUnknownErrors at 1c0,symbolic execution found an unknown value
2025-09-26 20:38:24,897 ERROR 0xD42433A8a0A1CEB73c8ff4e432463e2ee109039d OrphanJumpTargetUnknownErrors at 1b1,symbolic execution found an unknown value
2025-09-26 20:38:24,897 ERROR 0xD42433A8a0A1CEB73c8ff4e432463e2ee109039d OrphanJumpTargetUnknownErrors at 1a2,symbolic execution found an unknown value
2025-09-26 20:38:24,937 ERROR 0x6e3ed592e28006eb6db16a568a56e82437a32935 OrphanJumpTargetUnknownErrors at 117,symbolic execution found an unknown value
2025-09-26 20:38:24,941 ERROR 0x6e3ed592e28006eb6db16a568a56e82437a32935 OrphanJumpTargetUnknownErrors at 736,symbolic execution found an unknown value
2025-09-26 20:38:24,941 ERROR 0x6e3ed592e28006eb6db16a568a56e82437a32935 OrphanJumpTargetUnknownErrors at 711,symbolic execution found an unknown value
2025-09-26 20:38:24,941 ERROR 0x6e3ed592e28006eb6db16a568a56e82437a32935 OrphanJumpTargetUnknownErrors at 6ed,symbolic execution found an unknown value
2025-09-26 20:38:24,941 ERROR 0x6e3ed592e28006eb6db16a568a56e82437a32935 OrphanJumpTargetUnknownErrors at 6df,symbolic execution found an unknown value
2025-09-26 20:38:24,945 ERROR 0x6e3ed592e28006eb6db16a568a56e82437a32935 OrphanJumpTargetUnknownErrors at 9b4,symbolic execution found an unknown value
2025-09-26 20:38:24,950 ERROR 0x6e3ed592e28006eb6db16a568a56e82437a32935 OrphanJumpTargetUnknownErrors at d0f,symbolic execution found an unknown value
2025-09-26 20:38:24,952 ERROR 0x6e3ed592e28006eb6db16a568a56e82437a32935 OrphanJumpTargetUnknownErrors at d45,symbolic execution found an unknown value
2025-09-26 20:38:24,954 ERROR 0x6e3ed592e28006eb6db16a568a56e82437a32935 OrphanJumpTargetUnknownErrors at 117,symbolic execution found an unknown value
2025-09-26 20:38:24,986 ERROR 0xf236d15aa8164626e3457cd38e69d7f46f95eeb9 OrphanJumpTargetNullErrors at 1a6,2 is None
2025-09-26 20:38:24,986 ERROR 0xf236d15aa8164626e3457cd38e69d7f46f95eeb9 OrphanJumpTargetNullErrors at 179,2 is None
2025-09-26 20:38:25,100 ERROR 0xd77C717b04d056902E6304c9bE464D12aeFb9db6 OrphanJumpTargetNullErrors at 8e7,2 is None
2025-09-26 20:38:25,429 ERROR 0xd8f1da4a236c4d6f310c02dedc049b69277b7c80 OrphanJumpTargetUnknownErrors at 18,symbolic execution found an unknown value
2025-09-26 20:38:25,745 ERROR 0xa8c7f56c90b20afaae9f7a006ca2df1dfba56279 OrphanJumpTargetUnknownErrors at 286,symbolic execution found an unknown value
2025-09-26 20:38:25,751 ERROR 0xa8c7f56c90b20afaae9f7a006ca2df1dfba56279 OrphanJumpTargetUnknownErrors at 286,symbolic execution found an unknown value
2025-09-26 20:38:25,755 ERROR 0xa8c7f56c90b20afaae9f7a006ca2df1dfba56279 OrphanJumpTargetUnknownErrors at 2010,symbolic execution found an unknown value
2025-09-26 20:38:25,755 ERROR 0xa8c7f56c90b20afaae9f7a006ca2df1dfba56279 OrphanJumpTargetUnknownErrors at 1fd2,symbolic execution found an unknown value
2025-09-26 20:38:25,756 ERROR 0xa8c7f56c90b20afaae9f7a006ca2df1dfba56279 OrphanJumpTargetUnknownErrors at 1d7b,symbolic execution found an unknown value
2025-09-26 20:38:25,759 ERROR 0xa8c7f56c90b20afaae9f7a006ca2df1dfba56279 OrphanJumpTargetUnknownErrors at 1c30,symbolic execution found an unknown value
2025-09-26 20:38:25,762 ERROR 0xa8c7f56c90b20afaae9f7a006ca2df1dfba56279 OrphanJumpTargetUnknownErrors at 1bf1,symbolic execution found an unknown value
2025-09-26 20:38:25,762 ERROR 0xa8c7f56c90b20afaae9f7a006ca2df1dfba56279 OrphanJumpTargetUnknownErrors at 99f,symbolic execution found an unknown value
2025-09-26 20:38:25,762 ERROR 0xa8c7f56c90b20afaae9f7a006ca2df1dfba56279 OrphanJumpTargetUnknownErrors at 989,symbolic execution found an unknown value
2025-09-26 20:38:25,765 ERROR 0xa8c7f56c90b20afaae9f7a006ca2df1dfba56279 OrphanJumpTargetUnknownErrors at a41,symbolic execution found an unknown value
2025-09-26 20:38:25,770 ERROR 0xa8c7f56c90b20afaae9f7a006ca2df1dfba56279 OrphanJumpTargetUnknownErrors at d96,symbolic execution found an unknown value
2025-09-26 20:38:25,770 ERROR 0xa8c7f56c90b20afaae9f7a006ca2df1dfba56279 OrphanJumpTargetUnknownErrors at d02,symbolic execution found an unknown value
2025-09-26 20:38:25,776 ERROR 0xa8c7f56c90b20afaae9f7a006ca2df1dfba56279 OrphanJumpTargetUnknownErrors at 286,symbolic execution found an unknown value
2025-09-26 20:38:25,780 ERROR 0xa8c7f56c90b20afaae9f7a006ca2df1dfba56279 OrphanJumpTargetUnknownErrors at 2010,symbolic execution found an unknown value
2025-09-26 20:38:25,781 ERROR 0xa8c7f56c90b20afaae9f7a006ca2df1dfba56279 OrphanJumpTargetUnknownErrors at 1fd2,symbolic execution found an unknown value
2025-09-26 20:38:25,781 ERROR 0xa8c7f56c90b20afaae9f7a006ca2df1dfba56279 OrphanJumpTargetUnknownErrors at 1d7b,symbolic execution found an unknown value
2025-09-26 20:38:25,784 ERROR 0xa8c7f56c90b20afaae9f7a006ca2df1dfba56279 OrphanJumpTargetUnknownErrors at 1c30,symbolic execution found an unknown value
2025-09-26 20:38:25,787 ERROR 0xa8c7f56c90b20afaae9f7a006ca2df1dfba56279 OrphanJumpTargetUnknownErrors at 1bf1,symbolic execution found an unknown value
2025-09-26 20:38:25,787 ERROR 0xa8c7f56c90b20afaae9f7a006ca2df1dfba56279 OrphanJumpTargetUnknownErrors at e93,symbolic execution found an unknown value
2025-09-26 20:38:25,787 ERROR 0xa8c7f56c90b20afaae9f7a006ca2df1dfba56279 OrphanJumpTargetUnknownErrors at e7e,symbolic execution found an unknown value
2025-09-26 20:38:25,791 ERROR 0xa8c7f56c90b20afaae9f7a006ca2df1dfba56279 OrphanJumpTargetUnknownErrors at ee5,symbolic execution found an unknown value
2025-09-26 20:38:25,795 ERROR 0xa8c7f56c90b20afaae9f7a006ca2df1dfba56279 OrphanJumpTargetUnknownErrors at 124e,symbolic execution found an unknown value
2025-09-26 20:38:25,795 ERROR 0xa8c7f56c90b20afaae9f7a006ca2df1dfba56279 OrphanJumpTargetUnknownErrors at 123e,symbolic execution found an unknown value
2025-09-26 20:38:25,795 ERROR 0xa8c7f56c90b20afaae9f7a006ca2df1dfba56279 OrphanJumpTargetUnknownErrors at 1227,symbolic execution found an unknown value
2025-09-26 20:38:25,795 ERROR 0xa8c7f56c90b20afaae9f7a006ca2df1dfba56279 OrphanJumpTargetUnknownErrors at 120c,symbolic execution found an unknown value
2025-09-26 20:38:25,798 ERROR 0xa8c7f56c90b20afaae9f7a006ca2df1dfba56279 OrphanJumpTargetUnknownErrors at 1384,symbolic execution found an unknown value
2025-09-26 20:38:25,798 ERROR 0xa8c7f56c90b20afaae9f7a006ca2df1dfba56279 OrphanJumpTargetUnknownErrors at 12f1,symbolic execution found an unknown value
2025-09-26 20:38:25,801 ERROR 0xa8c7f56c90b20afaae9f7a006ca2df1dfba56279 OrphanJumpTargetUnknownErrors at 14d4,symbolic execution found an unknown value
2025-09-26 20:38:25,801 ERROR 0xa8c7f56c90b20afaae9f7a006ca2df1dfba56279 OrphanJumpTargetUnknownErrors at 13d5,symbolic execution found an unknown value
2025-09-26 20:38:25,801 ERROR 0xa8c7f56c90b20afaae9f7a006ca2df1dfba56279 OrphanJumpTargetUnknownErrors at 13ae,symbolic execution found an unknown value
2025-09-26 20:38:25,805 ERROR 0xa8c7f56c90b20afaae9f7a006ca2df1dfba56279 OrphanJumpTargetUnknownErrors at 1526,symbolic execution found an unknown value
2025-09-26 20:38:25,806 ERROR 0xa8c7f56c90b20afaae9f7a006ca2df1dfba56279 OrphanJumpTargetUnknownErrors at 157c,symbolic execution found an unknown value
2025-09-26 20:38:25,806 ERROR 0xa8c7f56c90b20afaae9f7a006ca2df1dfba56279 OrphanJumpTargetUnknownErrors at 156f,symbolic execution found an unknown value
2025-09-26 20:38:25,808 ERROR 0xa8c7f56c90b20afaae9f7a006ca2df1dfba56279 OrphanJumpTargetUnknownErrors at 15f5,symbolic execution found an unknown value
2025-09-26 20:38:25,811 ERROR 0xa8c7f56c90b20afaae9f7a006ca2df1dfba56279 OrphanJumpTargetUnknownErrors at 169d,symbolic execution found an unknown value
2025-09-26 20:38:25,811 ERROR 0xa8c7f56c90b20afaae9f7a006ca2df1dfba56279 OrphanJumpTargetUnknownErrors at 1691,symbolic execution found an unknown value
2025-09-26 20:38:25,814 ERROR 0xa8c7f56c90b20afaae9f7a006ca2df1dfba56279 OrphanJumpTargetUnknownErrors at 1731,symbolic execution found an unknown value
2025-09-26 20:38:25,820 ERROR 0xa8c7f56c90b20afaae9f7a006ca2df1dfba56279 OrphanJumpTargetUnknownErrors at 286,symbolic execution found an unknown value
2025-09-26 20:38:25,824 ERROR 0xa8c7f56c90b20afaae9f7a006ca2df1dfba56279 OrphanJumpTargetUnknownErrors at 2010,symbolic execution found an unknown value
2025-09-26 20:38:25,824 ERROR 0xa8c7f56c90b20afaae9f7a006ca2df1dfba56279 OrphanJumpTargetUnknownErrors at 1fd2,symbolic execution found an unknown value
2025-09-26 20:38:25,825 ERROR 0xa8c7f56c90b20afaae9f7a006ca2df1dfba56279 OrphanJumpTargetUnknownErrors at 1d7b,symbolic execution found an unknown value
2025-09-26 20:38:25,828 ERROR 0xa8c7f56c90b20afaae9f7a006ca2df1dfba56279 OrphanJumpTargetUnknownErrors at 1c30,symbolic execution found an unknown value
2025-09-26 20:38:25,831 ERROR 0xa8c7f56c90b20afaae9f7a006ca2df1dfba56279 OrphanJumpTargetUnknownErrors at 1bf1,symbolic execution found an unknown value
2025-09-26 20:38:25,831 ERROR 0xa8c7f56c90b20afaae9f7a006ca2df1dfba56279 OrphanJumpTargetUnknownErrors at 1a31,symbolic execution found an unknown value
2025-09-26 20:38:25,832 ERROR 0xa8c7f56c90b20afaae9f7a006ca2df1dfba56279 OrphanJumpTargetUnknownErrors at 1a1c,symbolic execution found an unknown value
2025-09-26 20:38:25,837 ERROR 0xa8c7f56c90b20afaae9f7a006ca2df1dfba56279 OrphanJumpTargetUnknownErrors at 286,symbolic execution found an unknown value
2025-09-26 20:38:25,842 ERROR 0xa8c7f56c90b20afaae9f7a006ca2df1dfba56279 OrphanJumpTargetUnknownErrors at 2010,symbolic execution found an unknown value
2025-09-26 20:38:25,842 ERROR 0xa8c7f56c90b20afaae9f7a006ca2df1dfba56279 OrphanJumpTargetUnknownErrors at 1fd2,symbolic execution found an unknown value
2025-09-26 20:38:25,843 ERROR 0xa8c7f56c90b20afaae9f7a006ca2df1dfba56279 OrphanJumpTargetUnknownErrors at 1d7b,symbolic execution found an unknown value
2025-09-26 20:38:25,846 ERROR 0xa8c7f56c90b20afaae9f7a006ca2df1dfba56279 OrphanJumpTargetUnknownErrors at 1c30,symbolic execution found an unknown value
2025-09-26 20:38:25,849 ERROR 0xa8c7f56c90b20afaae9f7a006ca2df1dfba56279 OrphanJumpTargetUnknownErrors at 1bf1,symbolic execution found an unknown value
2025-09-26 20:38:25,849 ERROR 0xa8c7f56c90b20afaae9f7a006ca2df1dfba56279 OrphanJumpTargetUnknownErrors at 99f,symbolic execution found an unknown value
2025-09-26 20:38:25,849 ERROR 0xa8c7f56c90b20afaae9f7a006ca2df1dfba56279 OrphanJumpTargetUnknownErrors at 989,symbolic execution found an unknown value
2025-09-26 20:38:25,851 ERROR 0xa8c7f56c90b20afaae9f7a006ca2df1dfba56279 OrphanJumpTargetUnknownErrors at 186b,symbolic execution found an unknown value
2025-09-26 20:38:25,851 ERROR 0xa8c7f56c90b20afaae9f7a006ca2df1dfba56279 OrphanJumpTargetUnknownErrors at 1853,symbolic execution found an unknown value
2025-09-26 20:38:25,853 ERROR 0xa8c7f56c90b20afaae9f7a006ca2df1dfba56279 OrphanJumpTargetUnknownErrors at 18ca,symbolic execution found an unknown value
2025-09-26 20:38:25,854 ERROR 0xa8c7f56c90b20afaae9f7a006ca2df1dfba56279 OrphanJumpTargetUnknownErrors at 1963,symbolic execution found an unknown value
2025-09-26 20:38:25,858 ERROR 0xa8c7f56c90b20afaae9f7a006ca2df1dfba56279 OrphanJumpTargetUnknownErrors at 286,symbolic execution found an unknown value
2025-09-26 20:38:25,863 ERROR 0xa8c7f56c90b20afaae9f7a006ca2df1dfba56279 OrphanJumpTargetUnknownErrors at 2010,symbolic execution found an unknown value
2025-09-26 20:38:25,863 ERROR 0xa8c7f56c90b20afaae9f7a006ca2df1dfba56279 OrphanJumpTargetUnknownErrors at 1fd2,symbolic execution found an unknown value
2025-09-26 20:38:25,863 ERROR 0xa8c7f56c90b20afaae9f7a006ca2df1dfba56279 OrphanJumpTargetUnknownErrors at 1d7b,symbolic execution found an unknown value
2025-09-26 20:38:25,866 ERROR 0xa8c7f56c90b20afaae9f7a006ca2df1dfba56279 OrphanJumpTargetUnknownErrors at 1c30,symbolic execution found an unknown value
2025-09-26 20:38:25,869 ERROR 0xa8c7f56c90b20afaae9f7a006ca2df1dfba56279 OrphanJumpTargetUnknownErrors at 1bf1,symbolic execution found an unknown value
2025-09-26 20:38:25,869 ERROR 0xa8c7f56c90b20afaae9f7a006ca2df1dfba56279 OrphanJumpTargetUnknownErrors at 1a31,symbolic execution found an unknown value
2025-09-26 20:38:25,869 ERROR 0xa8c7f56c90b20afaae9f7a006ca2df1dfba56279 OrphanJumpTargetUnknownErrors at 1a1c,symbolic execution found an unknown value
2025-09-26 20:38:25,872 ERROR 0xa8c7f56c90b20afaae9f7a006ca2df1dfba56279 OrphanJumpTargetUnknownErrors at 1a9e,symbolic execution found an unknown value
2025-09-26 20:38:25,872 ERROR 0xa8c7f56c90b20afaae9f7a006ca2df1dfba56279 OrphanJumpTargetUnknownErrors at a41,symbolic execution found an unknown value
2025-09-26 20:38:25,872 ERROR 0xa8c7f56c90b20afaae9f7a006ca2df1dfba56279 OrphanJumpTargetUnknownErrors at 1a78,symbolic execution found an unknown value
2025-09-26 20:38:25,873 ERROR 0xa8c7f56c90b20afaae9f7a006ca2df1dfba56279 OrphanJumpTargetUnknownErrors at 1a5c,symbolic execution found an unknown value
2025-09-26 20:38:25,873 ERROR 0xa8c7f56c90b20afaae9f7a006ca2df1dfba56279 OrphanJumpTargetUnknownErrors at 1b38,symbolic execution found an unknown value
2025-09-26 20:38:25,874 ERROR 0xa8c7f56c90b20afaae9f7a006ca2df1dfba56279 OrphanJumpTargetUnknownErrors at 1b94,symbolic execution found an unknown value
2025-09-26 20:38:25,874 ERROR 0xa8c7f56c90b20afaae9f7a006ca2df1dfba56279 OrphanJumpTargetUnknownErrors at 1b83,symbolic execution found an unknown value
2025-09-26 20:38:25,880 ERROR 0xa8c7f56c90b20afaae9f7a006ca2df1dfba56279 OrphanJumpTargetUnknownErrors at 286,symbolic execution found an unknown value
2025-09-26 20:38:25,884 ERROR 0xa8c7f56c90b20afaae9f7a006ca2df1dfba56279 OrphanJumpTargetUnknownErrors at 2010,symbolic execution found an unknown value
2025-09-26 20:38:25,884 ERROR 0xa8c7f56c90b20afaae9f7a006ca2df1dfba56279 OrphanJumpTargetUnknownErrors at 1fd2,symbolic execution found an unknown value
2025-09-26 20:38:25,885 ERROR 0xa8c7f56c90b20afaae9f7a006ca2df1dfba56279 OrphanJumpTargetUnknownErrors at 1d7b,symbolic execution found an unknown value
2025-09-26 20:38:25,888 ERROR 0xa8c7f56c90b20afaae9f7a006ca2df1dfba56279 OrphanJumpTargetUnknownErrors at 1c30,symbolic execution found an unknown value
2025-09-26 20:38:25,891 ERROR 0xa8c7f56c90b20afaae9f7a006ca2df1dfba56279 OrphanJumpTargetUnknownErrors at 1bf1,symbolic execution found an unknown value
2025-09-26 20:38:25,891 ERROR 0xa8c7f56c90b20afaae9f7a006ca2df1dfba56279 OrphanJumpTargetUnknownErrors at e93,symbolic execution found an unknown value
2025-09-26 20:38:25,891 ERROR 0xa8c7f56c90b20afaae9f7a006ca2df1dfba56279 OrphanJumpTargetUnknownErrors at e7e,symbolic execution found an unknown value
2025-09-26 20:38:25,892 ERROR 0xa8c7f56c90b20afaae9f7a006ca2df1dfba56279 OrphanJumpTargetUnknownErrors at 286,symbolic execution found an unknown value
2025-09-26 20:38:26,090 ERROR 0x6f4024e5549bfda253d0997adb228bfeaac9b204 OrphanJumpTargetUnknownErrors at 93,symbolic execution found an unknown value
2025-09-26 20:38:26,095 ERROR 0x6f4024e5549bfda253d0997adb228bfeaac9b204 OrphanJumpTargetUnknownErrors at 56a,symbolic execution found an unknown value
2025-09-26 20:38:26,098 ERROR 0x6f4024e5549bfda253d0997adb228bfeaac9b204 OrphanJumpTargetUnknownErrors at 93,symbolic execution found an unknown value
2025-09-26 20:38:26,295 ERROR 0xc13e4ed5e7f8af83663c9e5086de85b1f914a863 OrphanJumpTargetNullErrors at 228,2 is None
2025-09-26 20:38:26,488 ERROR 0x393de12bd7ae3045068ee9fdbb24a0e61c84b618 OrphanJumpTargetUnknownErrors at 11b,symbolic execution found an unknown value
2025-09-26 20:38:26,490 ERROR 0x393de12bd7ae3045068ee9fdbb24a0e61c84b618 OrphanJumpTargetUnknownErrors at 44c,symbolic execution found an unknown value
2025-09-26 20:38:26,494 ERROR 0x393de12bd7ae3045068ee9fdbb24a0e61c84b618 OrphanJumpTargetUnknownErrors at 44c,symbolic execution found an unknown value
2025-09-26 20:38:26,494 ERROR 0x393de12bd7ae3045068ee9fdbb24a0e61c84b618 OrphanJumpTargetUnknownErrors at 4f8,symbolic execution found an unknown value
2025-09-26 20:38:26,494 ERROR 0x393de12bd7ae3045068ee9fdbb24a0e61c84b618 OrphanJumpTargetUnknownErrors at b3a,symbolic execution found an unknown value
2025-09-26 20:38:26,495 ERROR 0x393de12bd7ae3045068ee9fdbb24a0e61c84b618 OrphanJumpTargetUnknownErrors at 4e3,symbolic execution found an unknown value
2025-09-26 20:38:26,497 ERROR 0x393de12bd7ae3045068ee9fdbb24a0e61c84b618 OrphanJumpTargetUnknownErrors at b3a,symbolic execution found an unknown value
2025-09-26 20:38:26,498 ERROR 0x393de12bd7ae3045068ee9fdbb24a0e61c84b618 OrphanJumpTargetUnknownErrors at 7e5,symbolic execution found an unknown value
2025-09-26 20:38:26,499 ERROR 0x393de12bd7ae3045068ee9fdbb24a0e61c84b618 OrphanJumpTargetUnknownErrors at 907,symbolic execution found an unknown value
2025-09-26 20:38:26,499 ERROR 0x393de12bd7ae3045068ee9fdbb24a0e61c84b618 OrphanJumpTargetUnknownErrors at 8c2,symbolic execution found an unknown value
2025-09-26 20:38:26,500 ERROR 0x393de12bd7ae3045068ee9fdbb24a0e61c84b618 OrphanJumpTargetUnknownErrors at 89a,symbolic execution found an unknown value
2025-09-26 20:38:26,507 ERROR 0x393de12bd7ae3045068ee9fdbb24a0e61c84b618 OrphanJumpTargetUnknownErrors at 44c,symbolic execution found an unknown value
2025-09-26 20:38:26,508 ERROR 0x393de12bd7ae3045068ee9fdbb24a0e61c84b618 OrphanJumpTargetUnknownErrors at 4f8,symbolic execution found an unknown value
2025-09-26 20:38:26,508 ERROR 0x393de12bd7ae3045068ee9fdbb24a0e61c84b618 OrphanJumpTargetUnknownErrors at b3a,symbolic execution found an unknown value
2025-09-26 20:38:26,508 ERROR 0x393de12bd7ae3045068ee9fdbb24a0e61c84b618 OrphanJumpTargetUnknownErrors at 4e3,symbolic execution found an unknown value
2025-09-26 20:38:26,509 ERROR 0x393de12bd7ae3045068ee9fdbb24a0e61c84b618 OrphanJumpTargetUnknownErrors at b3a,symbolic execution found an unknown value
2025-09-26 20:38:26,511 ERROR 0x393de12bd7ae3045068ee9fdbb24a0e61c84b618 OrphanJumpTargetUnknownErrors at ad8,symbolic execution found an unknown value
2025-09-26 20:38:26,511 ERROR 0x393de12bd7ae3045068ee9fdbb24a0e61c84b618 OrphanJumpTargetUnknownErrors at 44c,symbolic execution found an unknown value
2025-09-26 20:38:26,511 ERROR 0x393de12bd7ae3045068ee9fdbb24a0e61c84b618 OrphanJumpTargetUnknownErrors at 9df,symbolic execution found an unknown value
2025-09-26 20:38:26,511 ERROR 0x393de12bd7ae3045068ee9fdbb24a0e61c84b618 OrphanJumpTargetUnknownErrors at 9c8,symbolic execution found an unknown value
2025-09-26 20:38:26,513 ERROR 0x393de12bd7ae3045068ee9fdbb24a0e61c84b618 OrphanJumpTargetUnknownErrors at b3a,symbolic execution found an unknown value
2025-09-26 20:38:26,516 ERROR 0x393de12bd7ae3045068ee9fdbb24a0e61c84b618 OrphanJumpTargetUnknownErrors at cc8,symbolic execution found an unknown value
2025-09-26 20:38:26,516 ERROR 0x393de12bd7ae3045068ee9fdbb24a0e61c84b618 OrphanJumpTargetUnknownErrors at c13,symbolic execution found an unknown value
2025-09-26 20:38:26,516 ERROR 0x393de12bd7ae3045068ee9fdbb24a0e61c84b618 OrphanJumpTargetUnknownErrors at c07,symbolic execution found an unknown value
2025-09-26 20:38:26,517 ERROR 0x393de12bd7ae3045068ee9fdbb24a0e61c84b618 OrphanJumpTargetUnknownErrors at e20,symbolic execution found an unknown value
2025-09-26 20:38:26,517 ERROR 0x393de12bd7ae3045068ee9fdbb24a0e61c84b618 OrphanJumpTargetUnknownErrors at 11b,symbolic execution found an unknown value
2025-09-26 20:38:26,712 ERROR 0xc63e7b1dece63a77ed7e4aeef5efb3b05c81438d OrphanJumpTargetUnknownErrors at b4,symbolic execution found an unknown value
2025-09-26 20:38:26,716 ERROR 0xc63e7b1dece63a77ed7e4aeef5efb3b05c81438d OrphanJumpTargetUnknownErrors at 5b0,symbolic execution found an unknown value
2025-09-26 20:38:26,716 ERROR 0xc63e7b1dece63a77ed7e4aeef5efb3b05c81438d OrphanJumpTargetUnknownErrors at 57d,symbolic execution found an unknown value
2025-09-26 20:38:26,717 ERROR 0xc63e7b1dece63a77ed7e4aeef5efb3b05c81438d OrphanJumpTargetUnknownErrors at 556,symbolic execution found an unknown value
2025-09-26 20:38:26,717 ERROR 0xc63e7b1dece63a77ed7e4aeef5efb3b05c81438d OrphanJumpTargetUnknownErrors at 530,symbolic execution found an unknown value
2025-09-26 20:38:26,718 ERROR 0xc63e7b1dece63a77ed7e4aeef5efb3b05c81438d OrphanJumpTargetUnknownErrors at 66b,symbolic execution found an unknown value
2025-09-26 20:38:26,720 ERROR 0xc63e7b1dece63a77ed7e4aeef5efb3b05c81438d OrphanJumpTargetUnknownErrors at 7ca,symbolic execution found an unknown value
2025-09-26 20:38:26,720 ERROR 0xc63e7b1dece63a77ed7e4aeef5efb3b05c81438d OrphanJumpTargetUnknownErrors at 797,symbolic execution found an unknown value
2025-09-26 20:38:26,722 ERROR 0xc63e7b1dece63a77ed7e4aeef5efb3b05c81438d OrphanJumpTargetUnknownErrors at 91e,symbolic execution found an unknown value
2025-09-26 20:38:26,722 ERROR 0xc63e7b1dece63a77ed7e4aeef5efb3b05c81438d OrphanJumpTargetUnknownErrors at 8f7,symbolic execution found an unknown value
2025-09-26 20:38:26,722 ERROR 0xc63e7b1dece63a77ed7e4aeef5efb3b05c81438d OrphanJumpTargetUnknownErrors at 8d1,symbolic execution found an unknown value
2025-09-26 20:38:26,726 ERROR 0xc63e7b1dece63a77ed7e4aeef5efb3b05c81438d OrphanJumpTargetUnknownErrors at b4,symbolic execution found an unknown value
2025-09-26 20:38:26,870 ERROR 0xa039177733cc7D3d075190253D4103aBe25d75db OrphanJumpTargetUnknownErrors at 10a,symbolic execution found an unknown value
2025-09-26 20:38:26,870 ERROR 0xa039177733cc7D3d075190253D4103aBe25d75db OrphanJumpTargetUnknownErrors at 57b,symbolic execution found an unknown value
2025-09-26 20:38:26,874 ERROR 0xa039177733cc7D3d075190253D4103aBe25d75db OrphanJumpTargetUnknownErrors at 6ec,symbolic execution found an unknown value
2025-09-26 20:38:26,877 ERROR 0xa039177733cc7D3d075190253D4103aBe25d75db OrphanJumpTargetUnknownErrors at 81d,symbolic execution found an unknown value
2025-09-26 20:38:26,879 ERROR 0xa039177733cc7D3d075190253D4103aBe25d75db OrphanJumpTargetUnknownErrors at 985,symbolic execution found an unknown value
2025-09-26 20:38:26,880 ERROR 0xa039177733cc7D3d075190253D4103aBe25d75db OrphanJumpTargetUnknownErrors at a4d,symbolic execution found an unknown value
2025-09-26 20:38:26,884 ERROR 0xa039177733cc7D3d075190253D4103aBe25d75db OrphanJumpTargetUnknownErrors at c84,symbolic execution found an unknown value
2025-09-26 20:38:26,885 ERROR 0xa039177733cc7D3d075190253D4103aBe25d75db OrphanJumpTargetUnknownErrors at c2b,symbolic execution found an unknown value
2025-09-26 20:38:26,885 ERROR 0xa039177733cc7D3d075190253D4103aBe25d75db OrphanJumpTargetUnknownErrors at cdd,symbolic execution found an unknown value
2025-09-26 20:38:26,886 ERROR 0xa039177733cc7D3d075190253D4103aBe25d75db OrphanJumpTargetUnknownErrors at d5e,symbolic execution found an unknown value
2025-09-26 20:38:26,886 ERROR 0xa039177733cc7D3d075190253D4103aBe25d75db OrphanJumpTargetUnknownErrors at 10a,symbolic execution found an unknown value
2025-09-26 20:38:28,104 ERROR 0xbe56093286038885733a66e554dd43a22a45889f OrphanJumpTargetNullErrors at 59,2 is None
2025-09-26 20:38:28,105 ERROR 0xbe56093286038885733a66e554dd43a22a45889f OrphanJumpTargetNullErrors at 1ad,2 is None
2025-09-26 20:38:28,105 ERROR 0xbe56093286038885733a66e554dd43a22a45889f OrphanJumpTargetNullErrors at 6a,2 is None
2025-09-26 20:38:28,106 ERROR 0xbe56093286038885733a66e554dd43a22a45889f OrphanJumpTargetNullErrors at 116,2 is None
2025-09-26 20:38:28,106 ERROR 0xbe56093286038885733a66e554dd43a22a45889f OrphanJumpTargetNullErrors at 7f,2 is None
2025-09-26 20:38:28,106 ERROR 0xbe56093286038885733a66e554dd43a22a45889f OrphanJumpTargetNullErrors at 59,2 is None
2025-09-26 20:38:28,404 ERROR 0x6c5c0e2496d27f60c486faaaaa9bde58ea1dc386 OrphanJumpTargetUnknownErrors at 1bb,symbolic execution found an unknown value
2025-09-26 20:38:28,717 ERROR 0xf8eb1928b7b247e5ab607785afe869d7daf78a6f OrphanJumpTargetUnknownErrors at de,symbolic execution found an unknown value
2025-09-26 20:38:28,718 ERROR 0xf8eb1928b7b247e5ab607785afe869d7daf78a6f OrphanJumpTargetUnknownErrors at 6d6,symbolic execution found an unknown value
2025-09-26 20:38:28,720 ERROR 0xf8eb1928b7b247e5ab607785afe869d7daf78a6f OrphanJumpTargetUnknownErrors at 7cb,symbolic execution found an unknown value
2025-09-26 20:38:28,721 ERROR 0xf8eb1928b7b247e5ab607785afe869d7daf78a6f OrphanJumpTargetUnknownErrors at 85b,symbolic execution found an unknown value
2025-09-26 20:38:28,722 ERROR 0xf8eb1928b7b247e5ab607785afe869d7daf78a6f OrphanJumpTargetUnknownErrors at de,symbolic execution found an unknown value
2025-09-26 20:38:28,732 ERROR 0xad2b1feb2153cd5a6b8a5f37a820ba013a89cabf OrphanJumpTargetNullErrors at 2b1,2 is None
2025-09-26 20:38:28,733 ERROR 0xad2b1feb2153cd5a6b8a5f37a820ba013a89cabf OrphanJumpTargetNullErrors at 2b1,2 is None
2025-09-26 20:38:28,734 ERROR 0xad2b1feb2153cd5a6b8a5f37a820ba013a89cabf OrphanJumpTargetNullErrors at 2b1,2 is None
2025-09-26 20:38:28,735 ERROR 0xad2b1feb2153cd5a6b8a5f37a820ba013a89cabf OrphanJumpTargetNullErrors at 2b1,2 is None
2025-09-26 20:38:28,737 ERROR 0xad2b1feb2153cd5a6b8a5f37a820ba013a89cabf OrphanJumpTargetNullErrors at 2b1,2 is None
2025-09-26 20:38:28,738 ERROR 0xad2b1feb2153cd5a6b8a5f37a820ba013a89cabf OrphanJumpTargetNullErrors at 2b1,2 is None
2025-09-26 20:38:28,739 ERROR 0xad2b1feb2153cd5a6b8a5f37a820ba013a89cabf OrphanJumpTargetNullErrors at 2b1,2 is None
2025-09-26 20:38:28,740 ERROR 0xad2b1feb2153cd5a6b8a5f37a820ba013a89cabf OrphanJumpTargetNullErrors at 2b1,2 is None
2025-09-26 20:38:28,742 ERROR 0xad2b1feb2153cd5a6b8a5f37a820ba013a89cabf OrphanJumpTargetNullErrors at 13d,2 is None
2025-09-26 20:38:28,742 ERROR 0xad2b1feb2153cd5a6b8a5f37a820ba013a89cabf OrphanJumpTargetNullErrors at 13d,2 is None
2025-09-26 20:38:28,743 ERROR 0xad2b1feb2153cd5a6b8a5f37a820ba013a89cabf OrphanJumpTargetNullErrors at be,2 is None
2025-09-26 20:38:28,743 ERROR 0xad2b1feb2153cd5a6b8a5f37a820ba013a89cabf OrphanJumpTargetNullErrors at 19,2 is None
2025-09-26 20:38:29,266 ERROR 0xd2e559d39935110df3ac7e77727dc8cd88416b34 OrphanJumpTargetUnknownErrors at 185,symbolic execution found an unknown value
2025-09-26 20:38:29,267 ERROR 0xd2e559d39935110df3ac7e77727dc8cd88416b34 OrphanJumpTargetUnknownErrors at 739,symbolic execution found an unknown value
2025-09-26 20:38:29,267 ERROR 0xd2e559d39935110df3ac7e77727dc8cd88416b34 OrphanJumpTargetUnknownErrors at 71f,symbolic execution found an unknown value
2025-09-26 20:38:29,269 ERROR 0xd2e559d39935110df3ac7e77727dc8cd88416b34 OrphanJumpTargetUnknownErrors at 83b,symbolic execution found an unknown value
2025-09-26 20:38:29,273 ERROR 0xd2e559d39935110df3ac7e77727dc8cd88416b34 OrphanJumpTargetUnknownErrors at 1647,symbolic execution found an unknown value
2025-09-26 20:38:29,273 ERROR 0xd2e559d39935110df3ac7e77727dc8cd88416b34 OrphanJumpTargetUnknownErrors at 1647,symbolic execution found an unknown value
2025-09-26 20:38:29,273 ERROR 0xd2e559d39935110df3ac7e77727dc8cd88416b34 OrphanJumpTargetUnknownErrors at 1647,symbolic execution found an unknown value
2025-09-26 20:38:29,273 ERROR 0xd2e559d39935110df3ac7e77727dc8cd88416b34 OrphanJumpTargetUnknownErrors at 8e7,symbolic execution found an unknown value
2025-09-26 20:38:29,274 ERROR 0xd2e559d39935110df3ac7e77727dc8cd88416b34 OrphanJumpTargetUnknownErrors at 934,symbolic execution found an unknown value
2025-09-26 20:38:29,274 ERROR 0xd2e559d39935110df3ac7e77727dc8cd88416b34 OrphanJumpTargetUnknownErrors at 91a,symbolic execution found an unknown value
2025-09-26 20:38:29,276 ERROR 0xd2e559d39935110df3ac7e77727dc8cd88416b34 OrphanJumpTargetUnknownErrors at 993,symbolic execution found an unknown value
2025-09-26 20:38:29,276 ERROR 0xd2e559d39935110df3ac7e77727dc8cd88416b34 OrphanJumpTargetUnknownErrors at 983,symbolic execution found an unknown value
2025-09-26 20:38:29,277 ERROR 0xd2e559d39935110df3ac7e77727dc8cd88416b34 OrphanJumpTargetUnknownErrors at 1647,symbolic execution found an unknown value
2025-09-26 20:38:29,278 ERROR 0xd2e559d39935110df3ac7e77727dc8cd88416b34 OrphanJumpTargetUnknownErrors at 1647,symbolic execution found an unknown value
2025-09-26 20:38:29,279 ERROR 0xd2e559d39935110df3ac7e77727dc8cd88416b34 OrphanJumpTargetUnknownErrors at bd0,symbolic execution found an unknown value
2025-09-26 20:38:29,279 ERROR 0xd2e559d39935110df3ac7e77727dc8cd88416b34 OrphanJumpTargetUnknownErrors at bc0,symbolic execution found an unknown value
2025-09-26 20:38:29,282 ERROR 0xd2e559d39935110df3ac7e77727dc8cd88416b34 OrphanJumpTargetUnknownErrors at 1647,symbolic execution found an unknown value
2025-09-26 20:38:29,283 ERROR 0xd2e559d39935110df3ac7e77727dc8cd88416b34 OrphanJumpTargetUnknownErrors at 1647,symbolic execution found an unknown value
2025-09-26 20:38:29,283 ERROR 0xd2e559d39935110df3ac7e77727dc8cd88416b34 OrphanJumpTargetUnknownErrors at 1647,symbolic execution found an unknown value
2025-09-26 20:38:29,283 ERROR 0xd2e559d39935110df3ac7e77727dc8cd88416b34 OrphanJumpTargetUnknownErrors at c79,symbolic execution found an unknown value
2025-09-26 20:38:29,283 ERROR 0xd2e559d39935110df3ac7e77727dc8cd88416b34 OrphanJumpTargetUnknownErrors at c6d,symbolic execution found an unknown value
2025-09-26 20:38:29,286 ERROR 0xd2e559d39935110df3ac7e77727dc8cd88416b34 OrphanJumpTargetUnknownErrors at 1647,symbolic execution found an unknown value
2025-09-26 20:38:29,286 ERROR 0xd2e559d39935110df3ac7e77727dc8cd88416b34 OrphanJumpTargetUnknownErrors at 1647,symbolic execution found an unknown value
2025-09-26 20:38:29,286 ERROR 0xd2e559d39935110df3ac7e77727dc8cd88416b34 OrphanJumpTargetUnknownErrors at 1647,symbolic execution found an unknown value
2025-09-26 20:38:29,286 ERROR 0xd2e559d39935110df3ac7e77727dc8cd88416b34 OrphanJumpTargetUnknownErrors at c79,symbolic execution found an unknown value
2025-09-26 20:38:29,286 ERROR 0xd2e559d39935110df3ac7e77727dc8cd88416b34 OrphanJumpTargetUnknownErrors at c6d,symbolic execution found an unknown value
2025-09-26 20:38:29,290 ERROR 0xd2e559d39935110df3ac7e77727dc8cd88416b34 OrphanJumpTargetUnknownErrors at 1647,symbolic execution found an unknown value
2025-09-26 20:38:29,290 ERROR 0xd2e559d39935110df3ac7e77727dc8cd88416b34 OrphanJumpTargetUnknownErrors at 1647,symbolic execution found an unknown value
2025-09-26 20:38:29,290 ERROR 0xd2e559d39935110df3ac7e77727dc8cd88416b34 OrphanJumpTargetUnknownErrors at 1647,symbolic execution found an unknown value
2025-09-26 20:38:29,290 ERROR 0xd2e559d39935110df3ac7e77727dc8cd88416b34 OrphanJumpTargetUnknownErrors at c79,symbolic execution found an unknown value
2025-09-26 20:38:29,290 ERROR 0xd2e559d39935110df3ac7e77727dc8cd88416b34 OrphanJumpTargetUnknownErrors at c6d,symbolic execution found an unknown value
2025-09-26 20:38:29,293 ERROR 0xd2e559d39935110df3ac7e77727dc8cd88416b34 OrphanJumpTargetUnknownErrors at 1647,symbolic execution found an unknown value
2025-09-26 20:38:29,293 ERROR 0xd2e559d39935110df3ac7e77727dc8cd88416b34 OrphanJumpTargetUnknownErrors at 1647,symbolic execution found an unknown value
2025-09-26 20:38:29,294 ERROR 0xd2e559d39935110df3ac7e77727dc8cd88416b34 OrphanJumpTargetUnknownErrors at 1647,symbolic execution found an unknown value
2025-09-26 20:38:29,294 ERROR 0xd2e559d39935110df3ac7e77727dc8cd88416b34 OrphanJumpTargetUnknownErrors at c79,symbolic execution found an unknown value
2025-09-26 20:38:29,294 ERROR 0xd2e559d39935110df3ac7e77727dc8cd88416b34 OrphanJumpTargetUnknownErrors at c6d,symbolic execution found an unknown value
2025-09-26 20:38:29,295 ERROR 0xd2e559d39935110df3ac7e77727dc8cd88416b34 OrphanJumpTargetUnknownErrors at 1545,symbolic execution found an unknown value
2025-09-26 20:38:29,295 ERROR 0xd2e559d39935110df3ac7e77727dc8cd88416b34 OrphanJumpTargetUnknownErrors at dc0,symbolic execution found an unknown value
2025-09-26 20:38:29,304 ERROR 0xd2e559d39935110df3ac7e77727dc8cd88416b34 OrphanJumpTargetUnknownErrors at 1647,symbolic execution found an unknown value
2025-09-26 20:38:29,304 ERROR 0xd2e559d39935110df3ac7e77727dc8cd88416b34 OrphanJumpTargetUnknownErrors at 1647,symbolic execution found an unknown value
2025-09-26 20:38:29,304 ERROR 0xd2e559d39935110df3ac7e77727dc8cd88416b34 OrphanJumpTargetUnknownErrors at 1584,symbolic execution found an unknown value
2025-09-26 20:38:29,305 ERROR 0xd2e559d39935110df3ac7e77727dc8cd88416b34 OrphanJumpTargetUnknownErrors at f7b,symbolic execution found an unknown value
2025-09-26 20:38:29,306 ERROR 0xd2e559d39935110df3ac7e77727dc8cd88416b34 OrphanJumpTargetUnknownErrors at 1647,symbolic execution found an unknown value
2025-09-26 20:38:29,306 ERROR 0xd2e559d39935110df3ac7e77727dc8cd88416b34 OrphanJumpTargetUnknownErrors at fa3,symbolic execution found an unknown value
2025-09-26 20:38:29,310 ERROR 0xd2e559d39935110df3ac7e77727dc8cd88416b34 OrphanJumpTargetUnknownErrors at 11ce,symbolic execution found an unknown value
2025-09-26 20:38:29,310 ERROR 0xd2e559d39935110df3ac7e77727dc8cd88416b34 OrphanJumpTargetUnknownErrors at 114c,symbolic execution found an unknown value
2025-09-26 20:38:29,310 ERROR 0xd2e559d39935110df3ac7e77727dc8cd88416b34 OrphanJumpTargetUnknownErrors at 10b9,symbolic execution found an unknown value
2025-09-26 20:38:29,312 ERROR 0xd2e559d39935110df3ac7e77727dc8cd88416b34 OrphanJumpTargetUnknownErrors at 109c,symbolic execution found an unknown value
2025-09-26 20:38:29,312 ERROR 0xd2e559d39935110df3ac7e77727dc8cd88416b34 OrphanJumpTargetUnknownErrors at 1081,symbolic execution found an unknown value
2025-09-26 20:38:29,312 ERROR 0xd2e559d39935110df3ac7e77727dc8cd88416b34 OrphanJumpTargetUnknownErrors at 106c,symbolic execution found an unknown value
2025-09-26 20:38:29,314 ERROR 0xd2e559d39935110df3ac7e77727dc8cd88416b34 OrphanJumpTargetUnknownErrors at 1647,symbolic execution found an unknown value
2025-09-26 20:38:29,315 ERROR 0xd2e559d39935110df3ac7e77727dc8cd88416b34 OrphanJumpTargetUnknownErrors at 1250,symbolic execution found an unknown value
2025-09-26 20:38:29,316 ERROR 0xd2e559d39935110df3ac7e77727dc8cd88416b34 OrphanJumpTargetUnknownErrors at 1362,symbolic execution found an unknown value
2025-09-26 20:38:29,317 ERROR 0xd2e559d39935110df3ac7e77727dc8cd88416b34 OrphanJumpTargetUnknownErrors at 13c7,symbolic execution found an unknown value
2025-09-26 20:38:29,317 ERROR 0xd2e559d39935110df3ac7e77727dc8cd88416b34 OrphanJumpTargetUnknownErrors at 13ac,symbolic execution found an unknown value
2025-09-26 20:38:29,317 ERROR 0xd2e559d39935110df3ac7e77727dc8cd88416b34 OrphanJumpTargetUnknownErrors at 185,symbolic execution found an unknown value
2025-09-26 20:38:29,346 ERROR 0xec0329051e180e17b8ed6fc891c8bc35a41b9448 OrphanJumpTargetUnknownErrors at b8,symbolic execution found an unknown value
2025-09-26 20:38:29,354 ERROR 0xec0329051e180e17b8ed6fc891c8bc35a41b9448 OrphanJumpTargetUnknownErrors at 4fb,symbolic execution found an unknown value
2025-09-26 20:38:29,355 ERROR 0xec0329051e180e17b8ed6fc891c8bc35a41b9448 OrphanJumpTargetUnknownErrors at 549,symbolic execution found an unknown value
2025-09-26 20:38:29,355 ERROR 0xec0329051e180e17b8ed6fc891c8bc35a41b9448 OrphanJumpTargetUnknownErrors at b8,symbolic execution found an unknown value
2025-09-26 20:38:29,692 ERROR 0x82665764ea0b58157e1e5e9bab32f68c76ec0cdf OrphanJumpTargetUnknownErrors at a9,symbolic execution found an unknown value
2025-09-26 20:38:29,697 ERROR 0x82665764ea0b58157e1e5e9bab32f68c76ec0cdf OrphanJumpTargetUnknownErrors at 93d,symbolic execution found an unknown value
2025-09-26 20:38:29,697 ERROR 0x82665764ea0b58157e1e5e9bab32f68c76ec0cdf OrphanJumpTargetUnknownErrors at 93d,symbolic execution found an unknown value
2025-09-26 20:38:29,697 ERROR 0x82665764ea0b58157e1e5e9bab32f68c76ec0cdf OrphanJumpTargetUnknownErrors at 93d,symbolic execution found an unknown value
2025-09-26 20:38:29,698 ERROR 0x82665764ea0b58157e1e5e9bab32f68c76ec0cdf OrphanJumpTargetUnknownErrors at 507,symbolic execution found an unknown value
2025-09-26 20:38:29,699 ERROR 0x82665764ea0b58157e1e5e9bab32f68c76ec0cdf OrphanJumpTargetUnknownErrors at 93d,symbolic execution found an unknown value
2025-09-26 20:38:29,699 ERROR 0x82665764ea0b58157e1e5e9bab32f68c76ec0cdf OrphanJumpTargetUnknownErrors at 93d,symbolic execution found an unknown value
2025-09-26 20:38:29,704 ERROR 0x82665764ea0b58157e1e5e9bab32f68c76ec0cdf OrphanJumpTargetUnknownErrors at 93d,symbolic execution found an unknown value
2025-09-26 20:38:29,704 ERROR 0x82665764ea0b58157e1e5e9bab32f68c76ec0cdf OrphanJumpTargetUnknownErrors at 93d,symbolic execution found an unknown value
2025-09-26 20:38:29,704 ERROR 0x82665764ea0b58157e1e5e9bab32f68c76ec0cdf OrphanJumpTargetUnknownErrors at 81f,symbolic execution found an unknown value
2025-09-26 20:38:29,705 ERROR 0x82665764ea0b58157e1e5e9bab32f68c76ec0cdf OrphanJumpTargetUnknownErrors at a9,symbolic execution found an unknown value
2025-09-26 20:38:29,752 ERROR 0x53fdf0c63b87f2db6e2c58ab05a8a3c39d7d8d49 OrphanJumpTargetUnknownErrors at 72,symbolic execution found an unknown value
2025-09-26 20:38:29,757 ERROR 0x53fdf0c63b87f2db6e2c58ab05a8a3c39d7d8d49 OrphanJumpTargetUnknownErrors at 5d3,symbolic execution found an unknown value
2025-09-26 20:38:29,757 ERROR 0x53fdf0c63b87f2db6e2c58ab05a8a3c39d7d8d49 OrphanJumpTargetUnknownErrors at 5c7,symbolic execution found an unknown value
2025-09-26 20:38:29,757 ERROR 0x53fdf0c63b87f2db6e2c58ab05a8a3c39d7d8d49 OrphanJumpTargetUnknownErrors at 5bb,symbolic execution found an unknown value
2025-09-26 20:38:29,761 ERROR 0x53fdf0c63b87f2db6e2c58ab05a8a3c39d7d8d49 OrphanJumpTargetUnknownErrors at 5d3,symbolic execution found an unknown value
2025-09-26 20:38:29,761 ERROR 0x53fdf0c63b87f2db6e2c58ab05a8a3c39d7d8d49 OrphanJumpTargetUnknownErrors at 5c7,symbolic execution found an unknown value
2025-09-26 20:38:29,761 ERROR 0x53fdf0c63b87f2db6e2c58ab05a8a3c39d7d8d49 OrphanJumpTargetUnknownErrors at 5bb,symbolic execution found an unknown value
2025-09-26 20:38:29,766 ERROR 0x53fdf0c63b87f2db6e2c58ab05a8a3c39d7d8d49 OrphanJumpTargetUnknownErrors at 5d3,symbolic execution found an unknown value
2025-09-26 20:38:29,766 ERROR 0x53fdf0c63b87f2db6e2c58ab05a8a3c39d7d8d49 OrphanJumpTargetUnknownErrors at 5c7,symbolic execution found an unknown value
2025-09-26 20:38:29,766 ERROR 0x53fdf0c63b87f2db6e2c58ab05a8a3c39d7d8d49 OrphanJumpTargetUnknownErrors at 5bb,symbolic execution found an unknown value
2025-09-26 20:38:29,766 ERROR 0x53fdf0c63b87f2db6e2c58ab05a8a3c39d7d8d49 OrphanJumpTargetUnknownErrors at 510,symbolic execution found an unknown value
2025-09-26 20:38:29,767 ERROR 0x53fdf0c63b87f2db6e2c58ab05a8a3c39d7d8d49 OrphanJumpTargetUnknownErrors at 91d,symbolic execution found an unknown value
2025-09-26 20:38:29,775 ERROR 0x53fdf0c63b87f2db6e2c58ab05a8a3c39d7d8d49 OrphanJumpTargetUnknownErrors at c16,symbolic execution found an unknown value
2025-09-26 20:38:29,785 ERROR 0x53fdf0c63b87f2db6e2c58ab05a8a3c39d7d8d49 OrphanJumpTargetUnknownErrors at c8b,symbolic execution found an unknown value
2025-09-26 20:38:29,785 ERROR 0x53fdf0c63b87f2db6e2c58ab05a8a3c39d7d8d49 OrphanJumpTargetUnknownErrors at c7e,symbolic execution found an unknown value
2025-09-26 20:38:29,785 ERROR 0x53fdf0c63b87f2db6e2c58ab05a8a3c39d7d8d49 OrphanJumpTargetUnknownErrors at c65,symbolic execution found an unknown value
2025-09-26 20:38:29,787 ERROR 0x53fdf0c63b87f2db6e2c58ab05a8a3c39d7d8d49 OrphanJumpTargetUnknownErrors at 72,symbolic execution found an unknown value
2025-09-26 20:38:30,164 ERROR 0x74e5F1a34A651c052D86DBD25042d6F710187F0A OrphanJumpTargetUnknownErrors at 169,symbolic execution found an unknown value
2025-09-26 20:38:30,164 ERROR 0x74e5F1a34A651c052D86DBD25042d6F710187F0A OrphanJumpTargetUnknownErrors at 14a,symbolic execution found an unknown value
2025-09-26 20:38:30,164 ERROR 0x74e5F1a34A651c052D86DBD25042d6F710187F0A OrphanJumpTargetUnknownErrors at 13e,symbolic execution found an unknown value
2025-09-26 20:38:30,164 ERROR 0x74e5F1a34A651c052D86DBD25042d6F710187F0A OrphanJumpTargetUnknownErrors at 12f,symbolic execution found an unknown value
2025-09-26 20:38:30,164 ERROR 0x74e5F1a34A651c052D86DBD25042d6F710187F0A OrphanJumpTargetUnknownErrors at 120,symbolic execution found an unknown value
2025-09-26 20:38:30,166 ERROR 0x74e5F1a34A651c052D86DBD25042d6F710187F0A OrphanJumpTargetUnknownErrors at 5c2,symbolic execution found an unknown value
2025-09-26 20:38:30,166 ERROR 0x74e5F1a34A651c052D86DBD25042d6F710187F0A OrphanJumpTargetUnknownErrors at 5ad,symbolic execution found an unknown value
2025-09-26 20:38:30,168 ERROR 0x74e5F1a34A651c052D86DBD25042d6F710187F0A OrphanJumpTargetUnknownErrors at 6c3,symbolic execution found an unknown value
2025-09-26 20:38:30,168 ERROR 0x74e5F1a34A651c052D86DBD25042d6F710187F0A OrphanJumpTargetUnknownErrors at 69e,symbolic execution found an unknown value
2025-09-26 20:38:30,168 ERROR 0x74e5F1a34A651c052D86DBD25042d6F710187F0A OrphanJumpTargetUnknownErrors at 692,symbolic execution found an unknown value
2025-09-26 20:38:30,168 ERROR 0x74e5F1a34A651c052D86DBD25042d6F710187F0A OrphanJumpTargetUnknownErrors at 67b,symbolic execution found an unknown value
2025-09-26 20:38:30,169 ERROR 0x74e5F1a34A651c052D86DBD25042d6F710187F0A OrphanJumpTargetUnknownErrors at 8b1,symbolic execution found an unknown value
2025-09-26 20:38:30,169 ERROR 0x74e5F1a34A651c052D86DBD25042d6F710187F0A OrphanJumpTargetUnknownErrors at 7f8,symbolic execution found an unknown value
2025-09-26 20:38:30,169 ERROR 0x74e5F1a34A651c052D86DBD25042d6F710187F0A OrphanJumpTargetUnknownErrors at 7bb,symbolic execution found an unknown value
2025-09-26 20:38:30,170 ERROR 0x74e5F1a34A651c052D86DBD25042d6F710187F0A OrphanJumpTargetUnknownErrors at 9b3,symbolic execution found an unknown value
2025-09-26 20:38:30,170 ERROR 0x74e5F1a34A651c052D86DBD25042d6F710187F0A OrphanJumpTargetUnknownErrors at 919,symbolic execution found an unknown value
2025-09-26 20:38:30,170 ERROR 0x74e5F1a34A651c052D86DBD25042d6F710187F0A OrphanJumpTargetUnknownErrors at 8f2,symbolic execution found an unknown value
2025-09-26 20:38:30,170 ERROR 0x74e5F1a34A651c052D86DBD25042d6F710187F0A OrphanJumpTargetUnknownErrors at 8da,symbolic execution found an unknown value
2025-09-26 20:38:30,170 ERROR 0x74e5F1a34A651c052D86DBD25042d6F710187F0A OrphanJumpTargetUnknownErrors at 8cc,symbolic execution found an unknown value
2025-09-26 20:38:30,172 ERROR 0x74e5F1a34A651c052D86DBD25042d6F710187F0A OrphanJumpTargetUnknownErrors at a48,symbolic execution found an unknown value
2025-09-26 20:38:30,172 ERROR 0x74e5F1a34A651c052D86DBD25042d6F710187F0A OrphanJumpTargetUnknownErrors at a2d,symbolic execution found an unknown value
2025-09-26 20:38:30,172 ERROR 0x74e5F1a34A651c052D86DBD25042d6F710187F0A OrphanJumpTargetUnknownErrors at a17,symbolic execution found an unknown value
2025-09-26 20:38:30,174 ERROR 0x74e5F1a34A651c052D86DBD25042d6F710187F0A OrphanJumpTargetUnknownErrors at adb,symbolic execution found an unknown value
2025-09-26 20:38:30,176 ERROR 0x74e5F1a34A651c052D86DBD25042d6F710187F0A OrphanJumpTargetUnknownErrors at 169,symbolic execution found an unknown value
2025-09-26 20:38:30,176 ERROR 0x74e5F1a34A651c052D86DBD25042d6F710187F0A OrphanJumpTargetUnknownErrors at 14a,symbolic execution found an unknown value
2025-09-26 20:38:30,176 ERROR 0x74e5F1a34A651c052D86DBD25042d6F710187F0A OrphanJumpTargetUnknownErrors at 13e,symbolic execution found an unknown value
2025-09-26 20:38:30,176 ERROR 0x74e5F1a34A651c052D86DBD25042d6F710187F0A OrphanJumpTargetUnknownErrors at 12f,symbolic execution found an unknown value
2025-09-26 20:38:30,176 ERROR 0x74e5F1a34A651c052D86DBD25042d6F710187F0A OrphanJumpTargetUnknownErrors at 120,symbolic execution found an unknown value
2025-09-26 20:38:30,396 ERROR 0xcd3e727275bc2f511822dc9a26bd7b0bbf161784 OrphanJumpTargetUnknownErrors at 560,symbolic execution found an unknown value
2025-09-26 20:38:30,401 ERROR 0xcd3e727275bc2f511822dc9a26bd7b0bbf161784 OrphanJumpTargetUnknownErrors at 3a9,symbolic execution found an unknown value
2025-09-26 20:38:30,401 ERROR 0xcd3e727275bc2f511822dc9a26bd7b0bbf161784 OrphanJumpTargetUnknownErrors at 47b,symbolic execution found an unknown value
2025-09-26 20:38:30,435 ERROR 0xcd3e727275bc2f511822dc9a26bd7b0bbf161784 OrphanJumpTargetUnknownErrors at 560,symbolic execution found an unknown value
